{"meta": {"format": 3, "version": "7.10.6", "timestamp": "2025-09-15T20:33:00.961395", "branch_coverage": true, "show_contexts": false}, "files": {"paleae\\paleae.py": {"executed_lines": [8, 14, 15, 16, 17, 18, 19, 20, 21, 22, 25, 26, 27, 28, 31, 32, 34, 41, 55, 70, 71, 73, 75, 77, 79, 80, 81, 82, 83, 84, 85, 86, 87, 88, 89, 90, 91, 92, 93, 94, 96, 98, 99, 100, 101, 102, 104, 105, 107, 109, 110, 111, 112, 113, 114, 115, 116, 117, 118, 119, 120, 121, 123, 124, 125, 126, 128, 130, 131, 132, 133, 134, 135, 136, 137, 138, 140, 142, 144, 152, 153, 155, 156, 157, 158, 159, 160, 161, 162, 163, 166, 170, 171, 173, 174, 177, 178, 180, 181, 182, 183, 184, 186, 188, 189, 190, 191, 192, 193, 194, 195, 196, 198, 199, 200, 207, 208, 210, 226, 228, 229, 230, 231, 232, 234, 235, 236, 237, 238, 239, 243, 245, 248, 251, 254, 257, 261, 264, 267, 268, 269, 271, 273, 274, 276, 277, 282, 284, 286, 287, 288, 289, 292, 293, 294, 296, 297, 298, 299, 307, 308, 309, 310, 313, 314, 315, 318, 319, 320, 325, 327, 328, 329, 330, 331, 332, 333, 334, 335, 337, 339, 341, 342], "summary": {"covered_lines": 181, "num_statements": 181, "percent_covered": 100.0, "percent_covered_display": "100", "missing_lines": 0, "excluded_lines": 0, "num_branches": 54, "num_partial_branches": 0, "covered_branches": 54, "missing_branches": 0}, "missing_lines": [], "excluded_lines": [], "executed_branches": [[79, 80], [79, 81], [83, 84], [83, 85], [85, 86], [85, 87], [89, 90], [89, 91], [99, 100], [99, 105], [101, 102], [101, 104], [112, 113], [112, 114], [116, 117], [116, 126], [118, 119], [118, 120], [120, 121], [120, 123], [130, 131], [130, 132], [133, 134], [133, 138], [152, 153], [152, 155], [157, 158], [157, 184], [158, 159], [158, 160], [170, 171], [170, 173], [173, 174], [173, 177], [177, 178], [177, 180], [180, 157], [180, 181], [189, 190], [189, 210], [193, 194], [193, 198], [230, 231], [230, 234], [236, -226], [236, 237], [276, 277], [276, 284], [287, 288], [287, 292], [308, 309], [308, 313], [341, -1], [341, 342]], "missing_branches": [], "functions": {"token_estimate": {"executed_lines": [75], "summary": {"covered_lines": 1, "num_statements": 1, "percent_covered": 100.0, "percent_covered_display": "100", "missing_lines": 0, "excluded_lines": 0, "num_branches": 0, "num_partial_branches": 0, "covered_branches": 0, "missing_branches": 0}, "missing_lines": [], "excluded_lines": [], "executed_branches": [], "missing_branches": []}, "is_text_file": {"executed_lines": [79, 80, 81, 82, 83, 84, 85, 86, 87, 88, 89, 90, 91, 92, 93, 94], "summary": {"covered_lines": 16, "num_statements": 16, "percent_covered": 100.0, "percent_covered_display": "100", "missing_lines": 0, "excluded_lines": 0, "num_branches": 8, "num_partial_branches": 0, "covered_branches": 8, "missing_branches": 0}, "missing_lines": [], "excluded_lines": [], "executed_branches": [[79, 80], [79, 81], [83, 84], [83, 85], [85, 86], [85, 87], [89, 90], [89, 91]], "missing_branches": []}, "_translate_globs_to_regex": {"executed_lines": [98, 99, 100, 101, 102, 104, 105], "summary": {"covered_lines": 7, "num_statements": 7, "percent_covered": 100.0, "percent_covered_display": "100", "missing_lines": 0, "excluded_lines": 0, "num_branches": 4, "num_partial_branches": 0, "covered_branches": 4, "missing_branches": 0}, "missing_lines": [], "excluded_lines": [], "executed_branches": [[99, 100], [99, 105], [101, 102], [101, 104]], "missing_branches": []}, "read_paleaeignore": {"executed_lines": [109, 110, 111, 112, 113, 114, 115, 116, 117, 118, 119, 120, 121, 123, 124, 125, 126], "summary": {"covered_lines": 17, "num_statements": 17, "percent_covered": 100.0, "percent_covered_display": "100", "missing_lines": 0, "excluded_lines": 0, "num_branches": 8, "num_partial_branches": 0, "covered_branches": 8, "missing_branches": 0}, "missing_lines": [], "excluded_lines": [], "executed_branches": [[112, 113], [112, 114], [116, 117], [116, 126], [118, 119], [118, 120], [120, 121], [120, 123]], "missing_branches": []}, "compile_patterns": {"executed_lines": [130, 131, 132, 133, 134, 135, 136, 137, 138], "summary": {"covered_lines": 9, "num_statements": 9, "percent_covered": 100.0, "percent_covered_display": "100", "missing_lines": 0, "excluded_lines": 0, "num_branches": 4, "num_partial_branches": 0, "covered_branches": 4, "missing_branches": 0}, "missing_lines": [], "excluded_lines": [], "executed_branches": [[130, 131], [130, 132], [133, 134], [133, 138]], "missing_branches": []}, "matches_any": {"executed_lines": [142], "summary": {"covered_lines": 1, "num_statements": 1, "percent_covered": 100.0, "percent_covered_display": "100", "missing_lines": 0, "excluded_lines": 0, "num_branches": 0, "num_partial_branches": 0, "covered_branches": 0, "missing_branches": 0}, "missing_lines": [], "excluded_lines": [], "executed_branches": [], "missing_branches": []}, "collect_files": {"executed_lines": [152, 153, 155, 156, 157, 158, 159, 160, 161, 162, 163, 166, 170, 171, 173, 174, 177, 178, 180, 181, 182, 183, 184], "summary": {"covered_lines": 23, "num_statements": 23, "percent_covered": 100.0, "percent_covered_display": "100", "missing_lines": 0, "excluded_lines": 0, "num_branches": 14, "num_partial_branches": 0, "covered_branches": 14, "missing_branches": 0}, "missing_lines": [], "excluded_lines": [], "executed_branches": [[152, 153], [152, 155], [157, 158], [157, 184], [158, 159], [158, 160], [170, 171], [170, 173], [173, 174], [173, 177], [177, 178], [177, 180], [180, 157], [180, 181]], "missing_branches": []}, "build_snapshot": {"executed_lines": [188, 189, 190, 191, 192, 193, 194, 195, 196, 198, 199, 200, 207, 208, 210], "summary": {"covered_lines": 15, "num_statements": 15, "percent_covered": 100.0, "percent_covered_display": "100", "missing_lines": 0, "excluded_lines": 0, "num_branches": 4, "num_partial_branches": 0, "covered_branches": 4, "missing_branches": 0}, "missing_lines": [], "excluded_lines": [], "executed_branches": [[189, 190], [189, 210], [193, 194], [193, 198]], "missing_branches": []}, "write_output": {"executed_lines": [228, 229, 230, 231, 232, 234, 235, 236, 237, 238, 239], "summary": {"covered_lines": 11, "num_statements": 11, "percent_covered": 100.0, "percent_covered_display": "100", "missing_lines": 0, "excluded_lines": 0, "num_branches": 4, "num_partial_branches": 0, "covered_branches": 4, "missing_branches": 0}, "missing_lines": [], "excluded_lines": [], "executed_branches": [[230, 231], [230, 234], [236, -226], [236, 237]], "missing_branches": []}, "create_parser": {"executed_lines": [245, 248, 251, 254, 257, 261, 264, 267, 268, 269], "summary": {"covered_lines": 10, "num_statements": 10, "percent_covered": 100.0, "percent_covered_display": "100", "missing_lines": 0, "excluded_lines": 0, "num_branches": 0, "num_partial_branches": 0, "covered_branches": 0, "missing_branches": 0}, "missing_lines": [], "excluded_lines": [], "executed_branches": [], "missing_branches": []}, "main": {"executed_lines": [273, 274, 276, 277, 282, 284, 286, 287, 288, 289, 292, 293, 294, 296, 297, 298, 299, 307, 308, 309, 310, 313, 314, 315, 318, 319, 320, 325, 327, 328, 329, 330, 331, 332, 333, 334, 335], "summary": {"covered_lines": 37, "num_statements": 37, "percent_covered": 100.0, "percent_covered_display": "100", "missing_lines": 0, "excluded_lines": 0, "num_branches": 6, "num_partial_branches": 0, "covered_branches": 6, "missing_branches": 0}, "missing_lines": [], "excluded_lines": [], "executed_branches": [[276, 277], [276, 284], [287, 288], [287, 292], [308, 309], [308, 313]], "missing_branches": []}, "cli_entrypoint": {"executed_lines": [339], "summary": {"covered_lines": 1, "num_statements": 1, "percent_covered": 100.0, "percent_covered_display": "100", "missing_lines": 0, "excluded_lines": 0, "num_branches": 0, "num_partial_branches": 0, "covered_branches": 0, "missing_branches": 0}, "missing_lines": [], "excluded_lines": [], "executed_branches": [], "missing_branches": []}, "": {"executed_lines": [8, 14, 15, 16, 17, 18, 19, 20, 21, 22, 25, 26, 27, 28, 31, 32, 34, 41, 55, 70, 71, 73, 77, 96, 107, 128, 140, 144, 186, 226, 243, 271, 337, 341, 342], "summary": {"covered_lines": 33, "num_statements": 33, "percent_covered": 100.0, "percent_covered_display": "100", "missing_lines": 0, "excluded_lines": 0, "num_branches": 2, "num_partial_branches": 0, "covered_branches": 2, "missing_branches": 0}, "missing_lines": [], "excluded_lines": [], "executed_branches": [[341, -1], [341, 342]], "missing_branches": []}}, "classes": {"PaleaeError": {"executed_lines": [], "summary": {"covered_lines": 0, "num_statements": 0, "percent_covered": 100.0, "percent_covered_display": "100", "missing_lines": 0, "excluded_lines": 0, "num_branches": 0, "num_partial_branches": 0, "covered_branches": 0, "missing_branches": 0}, "missing_lines": [], "excluded_lines": [], "executed_branches": [], "missing_branches": []}, "": {"executed_lines": [8, 14, 15, 16, 17, 18, 19, 20, 21, 22, 25, 26, 27, 28, 31, 32, 34, 41, 55, 70, 71, 73, 75, 77, 79, 80, 81, 82, 83, 84, 85, 86, 87, 88, 89, 90, 91, 92, 93, 94, 96, 98, 99, 100, 101, 102, 104, 105, 107, 109, 110, 111, 112, 113, 114, 115, 116, 117, 118, 119, 120, 121, 123, 124, 125, 126, 128, 130, 131, 132, 133, 134, 135, 136, 137, 138, 140, 142, 144, 152, 153, 155, 156, 157, 158, 159, 160, 161, 162, 163, 166, 170, 171, 173, 174, 177, 178, 180, 181, 182, 183, 184, 186, 188, 189, 190, 191, 192, 193, 194, 195, 196, 198, 199, 200, 207, 208, 210, 226, 228, 229, 230, 231, 232, 234, 235, 236, 237, 238, 239, 243, 245, 248, 251, 254, 257, 261, 264, 267, 268, 269, 271, 273, 274, 276, 277, 282, 284, 286, 287, 288, 289, 292, 293, 294, 296, 297, 298, 299, 307, 308, 309, 310, 313, 314, 315, 318, 319, 320, 325, 327, 328, 329, 330, 331, 332, 333, 334, 335, 337, 339, 341, 342], "summary": {"covered_lines": 181, "num_statements": 181, "percent_covered": 100.0, "percent_covered_display": "100", "missing_lines": 0, "excluded_lines": 0, "num_branches": 54, "num_partial_branches": 0, "covered_branches": 54, "missing_branches": 0}, "missing_lines": [], "excluded_lines": [], "executed_branches": [[79, 80], [79, 81], [83, 84], [83, 85], [85, 86], [85, 87], [89, 90], [89, 91], [99, 100], [99, 105], [101, 102], [101, 104], [112, 113], [112, 114], [116, 117], [116, 126], [118, 119], [118, 120], [120, 121], [120, 123], [130, 131], [130, 132], [133, 134], [133, 138], [152, 153], [152, 155], [157, 158], [157, 184], [158, 159], [158, 160], [170, 171], [170, 173], [173, 174], [173, 177], [177, 178], [177, 180], [180, 157], [180, 181], [189, 190], [189, 210], [193, 194], [193, 198], [230, 231], [230, 234], [236, -226], [236, 237], [276, 277], [276, 284], [287, 288], [287, 292], [308, 309], [308, 313], [341, -1], [341, 342]], "missing_branches": []}}}, "paleae\\tests\\conftest.py": {"executed_lines": [1, 3, 12], "summary": {"covered_lines": 3, "num_statements": 3, "percent_covered": 100.0, "percent_covered_display": "100", "missing_lines": 0, "excluded_lines": 0, "num_branches": 0, "num_partial_branches": 0, "covered_branches": 0, "missing_branches": 0}, "missing_lines": [], "excluded_lines": [], "executed_branches": [], "missing_branches": [], "functions": {"": {"executed_lines": [1, 3, 12], "summary": {"covered_lines": 3, "num_statements": 3, "percent_covered": 100.0, "percent_covered_display": "100", "missing_lines": 0, "excluded_lines": 0, "num_branches": 0, "num_partial_branches": 0, "covered_branches": 0, "missing_branches": 0}, "missing_lines": [], "excluded_lines": [], "executed_branches": [], "missing_branches": []}}, "classes": {"": {"executed_lines": [1, 3, 12], "summary": {"covered_lines": 3, "num_statements": 3, "percent_covered": 100.0, "percent_covered_display": "100", "missing_lines": 0, "excluded_lines": 0, "num_branches": 0, "num_partial_branches": 0, "covered_branches": 0, "missing_branches": 0}, "missing_lines": [], "excluded_lines": [], "executed_branches": [], "missing_branches": []}}}, "paleae\\tests\\test_paleae.py": {"executed_lines": [5, 6, 7, 8, 9, 10, 11, 12, 13, 15, 17, 20, 22, 23, 24, 25, 26, 27, 28, 29, 31, 36, 37, 39, 40, 41, 42, 43, 44, 45, 46, 54, 55, 56, 57, 58, 59, 60, 61, 62, 63, 66, 69, 70, 71, 72, 74, 79, 81, 82, 83, 85, 86, 87, 88, 89, 90, 91, 92, 93, 96, 97, 98, 99, 100, 101, 102, 103, 104, 105, 107, 108, 110, 112, 113, 115, 116, 117, 122, 124, 125, 126, 127, 129, 130, 131, 132, 134, 135, 136, 137, 138, 139, 140, 142, 143, 144, 145, 146, 147, 148, 150, 151, 152, 154, 155, 156, 157, 158, 164, 165, 168, 169, 175, 176, 179, 180, 181, 182, 183, 190, 191, 192, 193, 196, 197, 198, 199, 200, 201, 202, 203, 204, 207, 208, 209, 212, 213, 214, 215, 217, 218, 219, 220, 226, 227, 228, 229, 230, 232, 233, 234, 235, 236, 238, 239, 241, 242, 243, 244, 245, 246, 247, 249, 250, 252, 253, 255, 256, 259, 260, 261, 262, 263, 264, 267, 268, 269, 270, 273, 274, 275, 276, 277, 278, 279, 282, 283, 284, 288, 292, 293, 295, 296, 298, 299, 300, 301, 302, 303, 304, 305, 308, 309, 310, 311, 312, 318, 319, 320, 321, 322, 323, 333, 334, 335, 336, 337, 338, 339, 340, 341, 342, 345, 346, 347, 348, 349, 350, 351, 354, 355, 356, 357, 358, 361, 362, 363, 364, 365, 366, 369, 370, 373, 374, 375, 376, 379, 380, 381, 382, 383, 384, 387, 388, 389, 390, 391, 392, 394, 395, 396, 397, 398, 399, 400, 401, 402, 405, 406, 407, 408, 409, 422, 423, 424, 425, 428, 429, 442, 443, 444, 445, 446, 447, 451, 455, 456, 459, 461, 462, 468, 469, 470, 474, 475, 477, 479, 480, 481, 482, 483, 484, 486, 488, 490, 491, 492], "summary": {"covered_lines": 308, "num_statements": 308, "percent_covered": 100.0, "percent_covered_display": "100", "missing_lines": 0, "excluded_lines": 0, "num_branches": 6, "num_partial_branches": 0, "covered_branches": 6, "missing_branches": 0}, "missing_lines": [], "excluded_lines": [], "executed_branches": [[24, 25], [24, 26], [409, 422], [409, 423], [474, 475], [474, 477]], "missing_branches": [], "functions": {"load_paleae_module": {"executed_lines": [22, 23, 24, 25, 26, 27, 28, 29], "summary": {"covered_lines": 8, "num_statements": 8, "percent_covered": 100.0, "percent_covered_display": "100", "missing_lines": 0, "excluded_lines": 0, "num_branches": 2, "num_partial_branches": 0, "covered_branches": 2, "missing_branches": 0}, "missing_lines": [], "excluded_lines": [], "executed_branches": [[24, 25], [24, 26]], "missing_branches": []}, "temp_repo": {"executed_lines": [39, 40, 41, 42, 43, 44, 45, 46, 54, 55, 56, 57, 58, 59, 60, 61, 62, 63, 66, 69, 70, 71, 72, 74], "summary": {"covered_lines": 24, "num_statements": 24, "percent_covered": 100.0, "percent_covered_display": "100", "missing_lines": 0, "excluded_lines": 0, "num_branches": 0, "num_partial_branches": 0, "covered_branches": 0, "missing_branches": 0}, "missing_lines": [], "excluded_lines": [], "executed_branches": [], "missing_branches": []}, "test_importer_failure": {"executed_lines": [81, 82, 83], "summary": {"covered_lines": 3, "num_statements": 3, "percent_covered": 100.0, "percent_covered_display": "100", "missing_lines": 0, "excluded_lines": 0, "num_branches": 0, "num_partial_branches": 0, "covered_branches": 0, "missing_branches": 0}, "missing_lines": [], "excluded_lines": [], "executed_branches": [], "missing_branches": []}, "test_token_estimate": {"executed_lines": [86, 87, 88, 89, 90, 91, 92, 93], "summary": {"covered_lines": 8, "num_statements": 8, "percent_covered": 100.0, "percent_covered_display": "100", "missing_lines": 0, "excluded_lines": 0, "num_branches": 0, "num_partial_branches": 0, "covered_branches": 0, "missing_branches": 0}, "missing_lines": [], "excluded_lines": [], "executed_branches": [], "missing_branches": []}, "test_is_text_file": {"executed_lines": [97, 98, 99, 100, 101, 102, 103, 104, 105, 107, 108, 110, 112, 113], "summary": {"covered_lines": 14, "num_statements": 14, "percent_covered": 100.0, "percent_covered_display": "100", "missing_lines": 0, "excluded_lines": 0, "num_branches": 0, "num_partial_branches": 0, "covered_branches": 0, "missing_branches": 0}, "missing_lines": [], "excluded_lines": [], "executed_branches": [], "missing_branches": []}, "test_translate_globs_to_regex": {"executed_lines": [116, 117, 122], "summary": {"covered_lines": 3, "num_statements": 3, "percent_covered": 100.0, "percent_covered_display": "100", "missing_lines": 0, "excluded_lines": 0, "num_branches": 0, "num_partial_branches": 0, "covered_branches": 0, "missing_branches": 0}, "missing_lines": [], "excluded_lines": [], "executed_branches": [], "missing_branches": []}, "test_read_paleaeignore": {"executed_lines": [125, 126, 127], "summary": {"covered_lines": 3, "num_statements": 3, "percent_covered": 100.0, "percent_covered_display": "100", "missing_lines": 0, "excluded_lines": 0, "num_branches": 0, "num_partial_branches": 0, "covered_branches": 0, "missing_branches": 0}, "missing_lines": [], "excluded_lines": [], "executed_branches": [], "missing_branches": []}, "test_read_paleaeignore_not_found": {"executed_lines": [130, 131, 132], "summary": {"covered_lines": 3, "num_statements": 3, "percent_covered": 100.0, "percent_covered_display": "100", "missing_lines": 0, "excluded_lines": 0, "num_branches": 0, "num_partial_branches": 0, "covered_branches": 0, "missing_branches": 0}, "missing_lines": [], "excluded_lines": [], "executed_branches": [], "missing_branches": []}, "test_read_paleaeignore_permission_error": {"executed_lines": [135, 136, 137, 138, 139, 140], "summary": {"covered_lines": 6, "num_statements": 6, "percent_covered": 100.0, "percent_covered_display": "100", "missing_lines": 0, "excluded_lines": 0, "num_branches": 0, "num_partial_branches": 0, "covered_branches": 0, "missing_branches": 0}, "missing_lines": [], "excluded_lines": [], "executed_branches": [], "missing_branches": []}, "test_compile_patterns": {"executed_lines": [143, 144, 145, 146, 147, 148], "summary": {"covered_lines": 6, "num_statements": 6, "percent_covered": 100.0, "percent_covered_display": "100", "missing_lines": 0, "excluded_lines": 0, "num_branches": 0, "num_partial_branches": 0, "covered_branches": 0, "missing_branches": 0}, "missing_lines": [], "excluded_lines": [], "executed_branches": [], "missing_branches": []}, "test_compile_patterns_invalid_regex": {"executed_lines": [151, 152], "summary": {"covered_lines": 2, "num_statements": 2, "percent_covered": 100.0, "percent_covered_display": "100", "missing_lines": 0, "excluded_lines": 0, "num_branches": 0, "num_partial_branches": 0, "covered_branches": 0, "missing_branches": 0}, "missing_lines": [], "excluded_lines": [], "executed_branches": [], "missing_branches": []}, "test_matches_any": {"executed_lines": [155, 156, 157, 158], "summary": {"covered_lines": 4, "num_statements": 4, "percent_covered": 100.0, "percent_covered_display": "100", "missing_lines": 0, "excluded_lines": 0, "num_branches": 0, "num_partial_branches": 0, "covered_branches": 0, "missing_branches": 0}, "missing_lines": [], "excluded_lines": [], "executed_branches": [], "missing_branches": []}, "test_collect_files_default_skip": {"executed_lines": [165, 168, 169, 175, 176], "summary": {"covered_lines": 5, "num_statements": 5, "percent_covered": 100.0, "percent_covered_display": "100", "missing_lines": 0, "excluded_lines": 0, "num_branches": 0, "num_partial_branches": 0, "covered_branches": 0, "missing_branches": 0}, "missing_lines": [], "excluded_lines": [], "executed_branches": [], "missing_branches": []}, "test_collect_files_with_paleaeignore": {"executed_lines": [180, 181, 182, 183, 190, 191, 192, 193], "summary": {"covered_lines": 8, "num_statements": 8, "percent_covered": 100.0, "percent_covered_display": "100", "missing_lines": 0, "excluded_lines": 0, "num_branches": 0, "num_partial_branches": 0, "covered_branches": 0, "missing_branches": 0}, "missing_lines": [], "excluded_lines": [], "executed_branches": [], "missing_branches": []}, "test_collect_files_with_cli_include_exclude": {"executed_lines": [197, 198, 199, 200, 201, 202, 203, 204], "summary": {"covered_lines": 8, "num_statements": 8, "percent_covered": 100.0, "percent_covered_display": "100", "missing_lines": 0, "excluded_lines": 0, "num_branches": 0, "num_partial_branches": 0, "covered_branches": 0, "missing_branches": 0}, "missing_lines": [], "excluded_lines": [], "executed_branches": [], "missing_branches": []}, "test_collect_files_non_existent_dir": {"executed_lines": [208, 209], "summary": {"covered_lines": 2, "num_statements": 2, "percent_covered": 100.0, "percent_covered_display": "100", "missing_lines": 0, "excluded_lines": 0, "num_branches": 0, "num_partial_branches": 0, "covered_branches": 0, "missing_branches": 0}, "missing_lines": [], "excluded_lines": [], "executed_branches": [], "missing_branches": []}, "test_collect_files_permission_error": {"executed_lines": [213, 214, 215], "summary": {"covered_lines": 3, "num_statements": 3, "percent_covered": 100.0, "percent_covered_display": "100", "missing_lines": 0, "excluded_lines": 0, "num_branches": 0, "num_partial_branches": 0, "covered_branches": 0, "missing_branches": 0}, "missing_lines": [], "excluded_lines": [], "executed_branches": [], "missing_branches": []}, "test_collect_files_value_error_on_relative_to": {"executed_lines": [218, 219, 220], "summary": {"covered_lines": 3, "num_statements": 3, "percent_covered": 100.0, "percent_covered_display": "100", "missing_lines": 0, "excluded_lines": 0, "num_branches": 0, "num_partial_branches": 0, "covered_branches": 0, "missing_branches": 0}, "missing_lines": [], "excluded_lines": [], "executed_branches": [], "missing_branches": []}, "test_build_snapshot": {"executed_lines": [227, 228, 229, 230, 232, 233, 234, 235, 236, 238, 239, 241, 242, 243, 244, 245, 246, 247, 249, 250, 252, 253, 255, 256], "summary": {"covered_lines": 24, "num_statements": 24, "percent_covered": 100.0, "percent_covered_display": "100", "missing_lines": 0, "excluded_lines": 0, "num_branches": 0, "num_partial_branches": 0, "covered_branches": 0, "missing_branches": 0}, "missing_lines": [], "excluded_lines": [], "executed_branches": [], "missing_branches": []}, "test_build_snapshot_skips_empty_files": {"executed_lines": [260, 261, 262, 263, 264], "summary": {"covered_lines": 5, "num_statements": 5, "percent_covered": 100.0, "percent_covered_display": "100", "missing_lines": 0, "excluded_lines": 0, "num_branches": 0, "num_partial_branches": 0, "covered_branches": 0, "missing_branches": 0}, "missing_lines": [], "excluded_lines": [], "executed_branches": [], "missing_branches": []}, "test_build_snapshot_read_error": {"executed_lines": [268, 269, 270], "summary": {"covered_lines": 3, "num_statements": 3, "percent_covered": 100.0, "percent_covered_display": "100", "missing_lines": 0, "excluded_lines": 0, "num_branches": 0, "num_partial_branches": 0, "covered_branches": 0, "missing_branches": 0}, "missing_lines": [], "excluded_lines": [], "executed_branches": [], "missing_branches": []}, "test_write_output_json": {"executed_lines": [274, 275, 276, 277, 278, 279], "summary": {"covered_lines": 6, "num_statements": 6, "percent_covered": 100.0, "percent_covered_display": "100", "missing_lines": 0, "excluded_lines": 0, "num_branches": 0, "num_partial_branches": 0, "covered_branches": 0, "missing_branches": 0}, "missing_lines": [], "excluded_lines": [], "executed_branches": [], "missing_branches": []}, "test_write_output_jsonl": {"executed_lines": [283, 284, 288, 292, 293, 295, 296, 298, 299, 300, 301, 302, 303, 304, 305], "summary": {"covered_lines": 15, "num_statements": 15, "percent_covered": 100.0, "percent_covered_display": "100", "missing_lines": 0, "excluded_lines": 0, "num_branches": 0, "num_partial_branches": 0, "covered_branches": 0, "missing_branches": 0}, "missing_lines": [], "excluded_lines": [], "executed_branches": [], "missing_branches": []}, "test_write_output_permission_error": {"executed_lines": [309, 310, 311, 312], "summary": {"covered_lines": 4, "num_statements": 4, "percent_covered": 100.0, "percent_covered_display": "100", "missing_lines": 0, "excluded_lines": 0, "num_branches": 0, "num_partial_branches": 0, "covered_branches": 0, "missing_branches": 0}, "missing_lines": [], "excluded_lines": [], "executed_branches": [], "missing_branches": []}, "test_main_success": {"executed_lines": [322, 323, 333, 334, 335, 336, 337, 338, 339, 340, 341, 342], "summary": {"covered_lines": 12, "num_statements": 12, "percent_covered": 100.0, "percent_covered_display": "100", "missing_lines": 0, "excluded_lines": 0, "num_branches": 0, "num_partial_branches": 0, "covered_branches": 0, "missing_branches": 0}, "missing_lines": [], "excluded_lines": [], "executed_branches": [], "missing_branches": []}, "test_main_about": {"executed_lines": [346, 347, 348, 349, 350, 351], "summary": {"covered_lines": 6, "num_statements": 6, "percent_covered": 100.0, "percent_covered_display": "100", "missing_lines": 0, "excluded_lines": 0, "num_branches": 0, "num_partial_branches": 0, "covered_branches": 0, "missing_branches": 0}, "missing_lines": [], "excluded_lines": [], "executed_branches": [], "missing_branches": []}, "test_main_invalid_directory": {"executed_lines": [355, 356, 357, 358], "summary": {"covered_lines": 4, "num_statements": 4, "percent_covered": 100.0, "percent_covered_display": "100", "missing_lines": 0, "excluded_lines": 0, "num_branches": 0, "num_partial_branches": 0, "covered_branches": 0, "missing_branches": 0}, "missing_lines": [], "excluded_lines": [], "executed_branches": [], "missing_branches": []}, "test_main_no_files_found": {"executed_lines": [362, 363, 364, 365, 366], "summary": {"covered_lines": 5, "num_statements": 5, "percent_covered": 100.0, "percent_covered_display": "100", "missing_lines": 0, "excluded_lines": 0, "num_branches": 0, "num_partial_branches": 0, "covered_branches": 0, "missing_branches": 0}, "missing_lines": [], "excluded_lines": [], "executed_branches": [], "missing_branches": []}, "test_main_paleae_error": {"executed_lines": [370, 373, 374, 375, 376], "summary": {"covered_lines": 5, "num_statements": 5, "percent_covered": 100.0, "percent_covered_display": "100", "missing_lines": 0, "excluded_lines": 0, "num_branches": 0, "num_partial_branches": 0, "covered_branches": 0, "missing_branches": 0}, "missing_lines": [], "excluded_lines": [], "executed_branches": [], "missing_branches": []}, "test_main_keyboard_interrupt": {"executed_lines": [380, 381, 382, 383, 384], "summary": {"covered_lines": 5, "num_statements": 5, "percent_covered": 100.0, "percent_covered_display": "100", "missing_lines": 0, "excluded_lines": 0, "num_branches": 0, "num_partial_branches": 0, "covered_branches": 0, "missing_branches": 0}, "missing_lines": [], "excluded_lines": [], "executed_branches": [], "missing_branches": []}, "test_main_unexpected_exception": {"executed_lines": [388, 389, 390, 391, 392], "summary": {"covered_lines": 5, "num_statements": 5, "percent_covered": 100.0, "percent_covered_display": "100", "missing_lines": 0, "excluded_lines": 0, "num_branches": 0, "num_partial_branches": 0, "covered_branches": 0, "missing_branches": 0}, "missing_lines": [], "excluded_lines": [], "executed_branches": [], "missing_branches": []}, "test_create_parser": {"executed_lines": [395, 396, 397, 398, 399, 400, 401, 402], "summary": {"covered_lines": 8, "num_statements": 8, "percent_covered": 100.0, "percent_covered_display": "100", "missing_lines": 0, "excluded_lines": 0, "num_branches": 0, "num_partial_branches": 0, "covered_branches": 0, "missing_branches": 0}, "missing_lines": [], "excluded_lines": [], "executed_branches": [], "missing_branches": []}, "test_main_with_output_file": {"executed_lines": [406, 407, 408, 409, 422, 423, 424, 425], "summary": {"covered_lines": 8, "num_statements": 8, "percent_covered": 100.0, "percent_covered_display": "100", "missing_lines": 0, "excluded_lines": 0, "num_branches": 2, "num_partial_branches": 0, "covered_branches": 2, "missing_branches": 0}, "missing_lines": [], "excluded_lines": [], "executed_branches": [[409, 422], [409, 423]], "missing_branches": []}, "test_main_profile_and_extra_patterns": {"executed_lines": [429, 442, 443, 444, 445, 446, 447, 451, 455, 456], "summary": {"covered_lines": 10, "num_statements": 10, "percent_covered": 100.0, "percent_covered_display": "100", "missing_lines": 0, "excluded_lines": 0, "num_branches": 0, "num_partial_branches": 0, "covered_branches": 0, "missing_branches": 0}, "missing_lines": [], "excluded_lines": [], "executed_branches": [], "missing_branches": []}, "test_main_entrypoint": {"executed_lines": [461, 462, 468, 469, 470], "summary": {"covered_lines": 5, "num_statements": 5, "percent_covered": 100.0, "percent_covered_display": "100", "missing_lines": 0, "excluded_lines": 0, "num_branches": 0, "num_partial_branches": 0, "covered_branches": 0, "missing_branches": 0}, "missing_lines": [], "excluded_lines": [], "executed_branches": [], "missing_branches": []}, "test_main_runpy_about": {"executed_lines": [479, 480, 481, 482, 483, 484, 486], "summary": {"covered_lines": 7, "num_statements": 7, "percent_covered": 100.0, "percent_covered_display": "100", "missing_lines": 0, "excluded_lines": 0, "num_branches": 0, "num_partial_branches": 0, "covered_branches": 0, "missing_branches": 0}, "missing_lines": [], "excluded_lines": [], "executed_branches": [], "missing_branches": []}, "test_testfile_main_entry": {"executed_lines": [490, 491, 492], "summary": {"covered_lines": 3, "num_statements": 3, "percent_covered": 100.0, "percent_covered_display": "100", "missing_lines": 0, "excluded_lines": 0, "num_branches": 0, "num_partial_branches": 0, "covered_branches": 0, "missing_branches": 0}, "missing_lines": [], "excluded_lines": [], "executed_branches": [], "missing_branches": []}, "": {"executed_lines": [5, 6, 7, 8, 9, 10, 11, 12, 13, 15, 17, 20, 31, 36, 37, 79, 85, 96, 115, 124, 129, 134, 142, 150, 154, 164, 179, 196, 207, 212, 217, 226, 259, 267, 273, 282, 308, 318, 319, 320, 321, 345, 354, 361, 369, 379, 387, 394, 405, 428, 459, 474, 475, 477, 488], "summary": {"covered_lines": 55, "num_statements": 55, "percent_covered": 100.0, "percent_covered_display": "100", "missing_lines": 0, "excluded_lines": 0, "num_branches": 2, "num_partial_branches": 0, "covered_branches": 2, "missing_branches": 0}, "missing_lines": [], "excluded_lines": [], "executed_branches": [[474, 475], [474, 477]], "missing_branches": []}}, "classes": {"": {"executed_lines": [5, 6, 7, 8, 9, 10, 11, 12, 13, 15, 17, 20, 22, 23, 24, 25, 26, 27, 28, 29, 31, 36, 37, 39, 40, 41, 42, 43, 44, 45, 46, 54, 55, 56, 57, 58, 59, 60, 61, 62, 63, 66, 69, 70, 71, 72, 74, 79, 81, 82, 83, 85, 86, 87, 88, 89, 90, 91, 92, 93, 96, 97, 98, 99, 100, 101, 102, 103, 104, 105, 107, 108, 110, 112, 113, 115, 116, 117, 122, 124, 125, 126, 127, 129, 130, 131, 132, 134, 135, 136, 137, 138, 139, 140, 142, 143, 144, 145, 146, 147, 148, 150, 151, 152, 154, 155, 156, 157, 158, 164, 165, 168, 169, 175, 176, 179, 180, 181, 182, 183, 190, 191, 192, 193, 196, 197, 198, 199, 200, 201, 202, 203, 204, 207, 208, 209, 212, 213, 214, 215, 217, 218, 219, 220, 226, 227, 228, 229, 230, 232, 233, 234, 235, 236, 238, 239, 241, 242, 243, 244, 245, 246, 247, 249, 250, 252, 253, 255, 256, 259, 260, 261, 262, 263, 264, 267, 268, 269, 270, 273, 274, 275, 276, 277, 278, 279, 282, 283, 284, 288, 292, 293, 295, 296, 298, 299, 300, 301, 302, 303, 304, 305, 308, 309, 310, 311, 312, 318, 319, 320, 321, 322, 323, 333, 334, 335, 336, 337, 338, 339, 340, 341, 342, 345, 346, 347, 348, 349, 350, 351, 354, 355, 356, 357, 358, 361, 362, 363, 364, 365, 366, 369, 370, 373, 374, 375, 376, 379, 380, 381, 382, 383, 384, 387, 388, 389, 390, 391, 392, 394, 395, 396, 397, 398, 399, 400, 401, 402, 405, 406, 407, 408, 409, 422, 423, 424, 425, 428, 429, 442, 443, 444, 445, 446, 447, 451, 455, 456, 459, 461, 462, 468, 469, 470, 474, 475, 477, 479, 480, 481, 482, 483, 484, 486, 488, 490, 491, 492], "summary": {"covered_lines": 308, "num_statements": 308, "percent_covered": 100.0, "percent_covered_display": "100", "missing_lines": 0, "excluded_lines": 0, "num_branches": 6, "num_partial_branches": 0, "covered_branches": 6, "missing_branches": 0}, "missing_lines": [], "excluded_lines": [], "executed_branches": [[24, 25], [24, 26], [409, 422], [409, 423], [474, 475], [474, 477]], "missing_branches": []}}}}, "totals": {"covered_lines": 492, "num_statements": 492, "percent_covered": 100.0, "percent_covered_display": "100", "missing_lines": 0, "excluded_lines": 0, "num_branches": 60, "num_partial_branches": 0, "covered_branches": 60, "missing_branches": 0}}